<?xml version="1.0" encoding="UTF-8"?>
<testng-results ignored="0" total="1" passed="1" failed="0" skipped="0">
  <reporter-output>
  </reporter-output>
  <suite started-at="2023-10-03T18:47:09 IST" name="Default suite" finished-at="2023-10-03T18:47:33 IST" duration-ms="23951">
    <groups>
    </groups>
    <test started-at="2023-10-03T18:47:09 IST" name="Default test" finished-at="2023-10-03T18:47:33 IST" duration-ms="23951">
      <class name="testNgTest.TestNgTest">
        <test-method signature="test()[pri:0, instance:testNgTest.TestNgTest@32eff876]" started-at="2023-10-03T18:47:09 IST" name="test" finished-at="2023-10-03T18:47:33 IST" duration-ms="23923" status="PASS">
          <reporter-output>
          </reporter-output>
        </test-method> <!-- test -->
      </class> <!-- testNgTest.TestNgTest -->
    </test> <!-- Default test -->
  </suite> <!-- Default suite -->
</testng-results>
